<?xml version="1.0" encoding="UTF-8"?>
<!-- Generated by org.testng.reporters.JUnitReportReporter -->
<testsuite hostname="Manjeets-MacBook-Air.local" failures="0" tests="1" name="Test.PostPostsTest" time="3.254" errors="0" timestamp="2024-09-29T16:48:24 IST" skipped="0">
  <testcase classname="Test.PostPostsTest" name="createNewPost" time="3.254"/>
  <system-out/>
</testsuite> <!-- Test.PostPostsTest -->
