<?xml version="1.0" encoding="UTF-8"?>
<!-- Generated by org.testng.reporters.JUnitReportReporter -->
<testsuite hostname="Manjeets-MacBook-Air.local" failures="0" tests="1" name="Test.DeletePostTest" time="2.145" errors="0" timestamp="2024-09-29T16:49:03 IST" skipped="0">
  <testcase classname="Test.DeletePostTest" name="deletePostWithIdOne" time="2.145"/>
  <system-out/>
</testsuite> <!-- Test.DeletePostTest -->
