<?xml version="1.0" encoding="UTF-8"?>
<!-- Generated by org.testng.reporters.JUnitReportReporter -->
<testsuite hostname="Manjeets-MacBook-Air.local" failures="0" tests="1" name="Test.GetPosts" time="3.542" errors="0" timestamp="2024-09-29T08:15:48 IST" skipped="0">
  <testcase classname="Test.GetPosts" name="getAllPosts" time="3.542"/>
  <system-out/>
</testsuite> <!-- Test.GetPosts -->
