<?xml version="1.0" encoding="UTF-8"?>
<!-- Generated by org.testng.reporters.JUnitReportReporter -->
<testsuite hostname="Manjeets-MacBook-Air.local" failures="0" tests="1" name="Test.PatchPostTest" time="3.128" errors="0" timestamp="2024-09-29T16:48:53 IST" skipped="0">
  <testcase classname="Test.PatchPostTest" name="patchPostWithIdOne" time="3.128"/>
  <system-out/>
</testsuite> <!-- Test.PatchPostTest -->
