<?xml version="1.0" encoding="UTF-8"?>
<!-- Generated by org.testng.reporters.JUnitReportReporter -->
<testsuite hostname="Manjeets-MacBook-Air.local" failures="0" tests="1" name="Test.GetPosts1CommentsTest" time="3.332" errors="0" timestamp="2024-09-29T16:47:30 IST" skipped="0">
  <testcase classname="Test.GetPosts1CommentsTest" name="getCommentsForPostWithIdOne" time="3.332"/>
  <system-out/>
</testsuite> <!-- Test.GetPosts1CommentsTest -->
