<?xml version="1.0" encoding="UTF-8"?>
<!-- Generated by org.testng.reporters.JUnitReportReporter -->
<testsuite hostname="Manjeets-MacBook-Air.local" failures="0" tests="1" name="Test.GetPosts1Test" time="2.681" errors="0" timestamp="2024-09-29T16:46:39 IST" skipped="0">
  <testcase classname="Test.GetPosts1Test" name="getPostWithIdOne" time="2.681"/>
  <system-out/>
</testsuite> <!-- Test.GetPosts1Test -->
