<?xml version="1.0" encoding="UTF-8"?>
<!-- Generated by org.testng.reporters.JUnitReportReporter -->
<testsuite hostname="Manjeets-MacBook-Air.local" failures="0" tests="1" name="Test.PutPostTest" time="2.993" errors="0" timestamp="2024-09-29T16:48:39 IST" skipped="0">
  <testcase classname="Test.PutPostTest" name="updatePostWithPut" time="2.993"/>
  <system-out/>
</testsuite> <!-- Test.PutPostTest -->
