<?xml version="1.0" encoding="UTF-8"?>
<!-- Generated by org.testng.reporters.JUnitReportReporter -->
<testsuite hostname="Manjeets-MacBook-Air.local" failures="0" tests="1" name="Test.GetCommentsByPostIdTest" time="3.196" errors="0" timestamp="2024-09-29T16:47:42 IST" skipped="0">
  <testcase classname="Test.GetCommentsByPostIdTest" name="getCommentsByPostId" time="3.196"/>
  <system-out/>
</testsuite> <!-- Test.GetCommentsByPostIdTest -->
